# JRE version: OpenJDK Runtime Environment Temurin-17.0.7+7 (17.0.7+7) (build 17.0.7+7)
# Java VM: OpenJDK 64-Bit Server VM Temurin-17.0.7+7 (17.0.7+7, mixed mode, emulated-client, tiered, compressed oops, compressed class ptrs, g1 gc, windows-amd64)
GC Precious Log:
 CPUs: 8 total, 8 available
 Memory: 16260M
 Large Page Support: Disabled
 NUMA Support: Disabled
 Compressed Oops: Enabled (32-bit)
 Heap Region Size: 1M
 Heap Min Capacity: 8M
 Heap Initial Capacity: 256M
 Heap Max Capacity: 1G
 Pre-touch: Disabled
 Parallel Workers: 8
 Concurrent Workers: 2
 Concurrent Refinement Workers: 8
 Periodic GC: Disabled
Heap:
 garbage-first heap   total 512000K, used 154108K [0x00000000c0000000, 0x0000000100000000)
  region size 1024K, 1 young (1024K), 0 survivors (0K)
 Metaspace       used 78573K, committed 79104K, reserved 1179648K
  class space    used 10364K, committed 10624K, reserved 1048576K
GC Heap History (20 events):
Event: 441173.742 GC heap before
{Heap before GC invocations=11609 (full 10864):
 garbage-first heap   total 512000K, used 154108K [0x00000000c0000000, 0x0000000100000000)
  region size 1024K, 1 young (1024K), 0 survivors (0K)
 Metaspace       used 78573K, committed 79104K, reserved 1179648K
  class space    used 10364K, committed 10624K, reserved 1048576K
}
Event: 441173.878 GC heap after
{Heap after GC invocations=11610 (full 10865):
 garbage-first heap   total 512000K, used 154108K [0x00000000c0000000, 0x0000000100000000)
  region size 1024K, 0 young (0K), 0 survivors (0K)
 Metaspace       used 78573K, committed 79104K, reserved 1179648K
  class space    used 10364K, committed 10624K, reserved 1048576K
}
Event: 441184.166 GC heap before
{Heap before GC invocations=11610 (full 10865):
 garbage-first heap   total 512000K, used 154108K [0x00000000c0000000, 0x0000000100000000)
  region size 1024K, 1 young (1024K), 0 survivors (0K)
 Metaspace       used 78573K, committed 79104K, reserved 1179648K
  class space    used 10364K, committed 10624K, reserved 1048576K
}
Event: 441184.300 GC heap after
{Heap after GC invocations=11611 (full 10866):
 garbage-first heap   total 512000K, used 154108K [0x00000000c0000000, 0x0000000100000000)
  region size 1024K, 0 young (0K), 0 survivors (0K)
 Metaspace       used 78573K, committed 79104K, reserved 1179648K
  class space    used 10364K, committed 10624K, reserved 1048576K
}
Event: 441194.539 GC heap before
{Heap before GC invocations=11611 (full 10866):
 garbage-first heap   total 512000K, used 154108K [0x00000000c0000000, 0x0000000100000000)
  region size 1024K, 1 young (1024K), 0 survivors (0K)
 Metaspace       used 78573K, committed 79104K, reserved 1179648K
  class space    used 10364K, committed 10624K, reserved 1048576K
}
Event: 441194.664 GC heap after
{Heap after GC invocations=11612 (full 10867):
 garbage-first heap   total 512000K, used 154108K [0x00000000c0000000, 0x0000000100000000)
  region size 1024K, 0 young (0K), 0 survivors (0K)
 Metaspace       used 78573K, committed 79104K, reserved 1179648K
  class space    used 10364K, committed 10624K, reserved 1048576K
}
Event: 441204.938 GC heap before
{Heap before GC invocations=11612 (full 10867):
 garbage-first heap   total 512000K, used 154108K [0x00000000c0000000, 0x0000000100000000)
  region size 1024K, 1 young (1024K), 0 survivors (0K)
 Metaspace       used 78573K, committed 79104K, reserved 1179648K
  class space    used 10364K, committed 10624K, reserved 1048576K
}
Event: 441205.072 GC heap after
{Heap after GC invocations=11613 (full 10868):
 garbage-first heap   total 512000K, used 154108K [0x00000000c0000000, 0x0000000100000000)
  region size 1024K, 0 young (0K), 0 survivors (0K)
 Metaspace       used 78573K, committed 79104K, reserved 1179648K
  class space    used 10364K, committed 10624K, reserved 1048576K
}
Event: 441215.349 GC heap before
{Heap before GC invocations=11613 (full 10868):
 garbage-first heap   total 512000K, used 154108K [0x00000000c0000000, 0x0000000100000000)
  region size 1024K, 1 young (1024K), 0 survivors (0K)
 Metaspace       used 78573K, committed 79104K, reserved 1179648K
  class space    used 10364K, committed 10624K, reserved 1048576K
}
Event: 441215.479 GC heap after
{Heap after GC invocations=11614 (full 10869):
 garbage-first heap   total 512000K, used 154108K [0x00000000c0000000, 0x0000000100000000)
  region size 1024K, 0 young (0K), 0 survivors (0K)
 Metaspace       used 78573K, committed 79104K, reserved 1179648K
  class space    used 10364K, committed 10624K, reserved 1048576K
}
Event: 441225.682 GC heap before
{Heap before GC invocations=11614 (full 10869):
 garbage-first heap   total 512000K, used 154108K [0x00000000c0000000, 0x0000000100000000)
  region size 1024K, 1 young (1024K), 0 survivors (0K)
 Metaspace       used 78573K, committed 79104K, reserved 1179648K
  class space    used 10364K, committed 10624K, reserved 1048576K
}
Event: 441225.755 GC heap after
{Heap after GC invocations=11615 (full 10870):
 garbage-first heap   total 512000K, used 154108K [0x00000000c0000000, 0x0000000100000000)
  region size 1024K, 0 young (0K), 0 survivors (0K)
 Metaspace       used 78573K, committed 79104K, reserved 1179648K
  class space    used 10364K, committed 10624K, reserved 1048576K
}
Event: 441235.966 GC heap before
{Heap before GC invocations=11615 (full 10870):
 garbage-first heap   total 512000K, used 154108K [0x00000000c0000000, 0x0000000100000000)
  region size 1024K, 1 young (1024K), 0 survivors (0K)
 Metaspace       used 78573K, committed 79104K, reserved 1179648K
  class space    used 10364K, committed 10624K, reserved 1048576K
}
Event: 441236.074 GC heap after
{Heap after GC invocations=11616 (full 10871):
 garbage-first heap   total 512000K, used 154108K [0x00000000c0000000, 0x0000000100000000)
  region size 1024K, 0 young (0K), 0 survivors (0K)
 Metaspace       used 78573K, committed 79104K, reserved 1179648K
  class space    used 10364K, committed 10624K, reserved 1048576K
}
Event: 441246.351 GC heap before
{Heap before GC invocations=11616 (full 10871):
 garbage-first heap   total 512000K, used 154108K [0x00000000c0000000, 0x0000000100000000)
  region size 1024K, 1 young (1024K), 0 survivors (0K)
 Metaspace       used 78573K, committed 79104K, reserved 1179648K
  class space    used 10364K, committed 10624K, reserved 1048576K
}
Event: 441246.487 GC heap after
{Heap after GC invocations=11617 (full 10872):
 garbage-first heap   total 512000K, used 154108K [0x00000000c0000000, 0x0000000100000000)
  region size 1024K, 0 young (0K), 0 survivors (0K)
 Metaspace       used 78573K, committed 79104K, reserved 1179648K
  class space    used 10364K, committed 10624K, reserved 1048576K
}
Event: 441256.762 GC heap before
{Heap before GC invocations=11617 (full 10872):
 garbage-first heap   total 512000K, used 154108K [0x00000000c0000000, 0x0000000100000000)
  region size 1024K, 1 young (1024K), 0 survivors (0K)
 Metaspace       used 78573K, committed 79104K, reserved 1179648K
  class space    used 10364K, committed 10624K, reserved 1048576K
}
Event: 441256.903 GC heap after
{Heap after GC invocations=11618 (full 10873):
 garbage-first heap   total 512000K, used 154108K [0x00000000c0000000, 0x0000000100000000)
  region size 1024K, 0 young (0K), 0 survivors (0K)
 Metaspace       used 78573K, committed 79104K, reserved 1179648K
  class space    used 10364K, committed 10624K, reserved 1048576K
}
Event: 441267.171 GC heap before
{Heap before GC invocations=11618 (full 10873):
 garbage-first heap   total 512000K, used 154108K [0x00000000c0000000, 0x0000000100000000)
  region size 1024K, 1 young (1024K), 0 survivors (0K)
 Metaspace       used 78573K, committed 79104K, reserved 1179648K
  class space    used 10364K, committed 10624K, reserved 1048576K
}
Event: 441267.309 GC heap after
{Heap after GC invocations=11619 (full 10874):
 garbage-first heap   total 512000K, used 154108K [0x00000000c0000000, 0x0000000100000000)
  region size 1024K, 0 young (0K), 0 survivors (0K)
 Metaspace       used 78573K, committed 79104K, reserved 1179648K
  class space    used 10364K, committed 10624K, reserved 1048576K
}

